{
  "stats": {
    "suites": 1,
    "tests": 4,
    "passes": 4,
    "pending": 0,
    "failures": 0,
    "start": "2023-01-03T14:42:36.687Z",
    "end": "2023-01-03T14:42:46.523Z",
    "duration": 9700,
    "testsRegistered": 4,
    "passPercent": 100,
    "pendingPercent": 0,
    "other": 0,
    "hasOther": false,
    "skipped": 0,
    "hasSkipped": false
  },
  "results": [
    {
      "uuid": "ee4fe495-ae4f-4df3-aabe-e9619e2c3795",
      "title": "",
      "fullFile": "cypress\\e2e\\university\\contact-us.js",
      "file": "cypress\\e2e\\university\\contact-us.js",
      "beforeHooks": [],
      "afterHooks": [],
      "tests": [],
      "suites": [
        {
          "uuid": "c04a015a-511c-451c-9230-b6f8acb765b2",
          "title": "Test Contact Us form via WebdriverUni",
          "fullFile": "",
          "file": "",
          "beforeHooks": [],
          "afterHooks": [],
          "tests": [
            {
              "title": "The UI should look correctly",
              "fullTitle": "Test Contact Us form via WebdriverUni The UI should look correctly",
              "timedOut": null,
              "duration": 2305,
              "state": "passed",
              "speed": "fast",
              "pass": true,
              "fail": false,
              "pending": false,
              "context": null,
              "code": "cy.get('body').should('have.css', 'background-color', 'rgb(29, 29, 29)');\ncy.get('h2[name=\"contactme\"]').should('have.css', 'color', 'rgb(230, 44, 33)');\ncy.get('nav.navbar').should('have.class', 'navbar-fixed-top');\ncy.get('input[value=\"RESET\"]').should('have.css', 'border-radius', '5px');",
              "err": {},
              "uuid": "0a96abe8-d044-4fa8-89bd-0ff098d8d99a",
              "parentUUID": "c04a015a-511c-451c-9230-b6f8acb765b2",
              "isHook": false,
              "skipped": false
            },
            {
              "title": "Should be able to submit a successful submission via contact us form",
              "fullTitle": "Test Contact Us form via WebdriverUni Should be able to submit a successful submission via contact us form",
              "timedOut": null,
              "duration": 3824,
              "state": "passed",
              "speed": "fast",
              "pass": true,
              "fail": false,
              "pending": false,
              "context": null,
              "code": "//cy.get('input[name=\"first_name\"]').type(data.first_name)\n//cy.get('input[name=\"last_name\"]').type(data.last_name)\n//cy.get('input[name=\"email\"]').type(data.email)\n//cy.get('textarea[name=\"message\"]').type(data.message)\n//cy.get('input[value=\"SUBMIT\"]').click()\n//cy.get('h1').should('have.text', 'Thank You for your Message!')\ncy.webdriveruniContactUs(data.first_name, data.last_name, data.email, data.message, 'h1', 'Thank You for your Message!');",
              "err": {},
              "uuid": "b960de11-f639-46c0-9189-81442c9b50ca",
              "parentUUID": "c04a015a-511c-451c-9230-b6f8acb765b2",
              "isHook": false,
              "skipped": false
            },
            {
              "title": "Should not be able to submit a successful submission via contact us form as all fields are required",
              "fullTitle": "Test Contact Us form via WebdriverUni Should not be able to submit a successful submission via contact us form as all fields are required",
              "timedOut": null,
              "duration": 648,
              "state": "passed",
              "speed": "fast",
              "pass": true,
              "fail": false,
              "pending": false,
              "context": null,
              "code": "if (Cypress.isBrowser('firefox')) {\n  cy.log(\"You are using Firefox, bruh\");\n} else {\n  cy.webdriveruniContactUs(data.first_name, data.last_name, ' ', data.message, 'body', 'Error: Invalid email address');\n}",
              "err": {},
              "uuid": "f5364bb0-bc2e-48cc-bd69-385afaee0ef8",
              "parentUUID": "c04a015a-511c-451c-9230-b6f8acb765b2",
              "isHook": false,
              "skipped": false
            },
            {
              "title": "Should be able to reset a contact us form",
              "fullTitle": "Test Contact Us form via WebdriverUni Should be able to reset a contact us form",
              "timedOut": null,
              "duration": 2923,
              "state": "passed",
              "speed": "fast",
              "pass": true,
              "fail": false,
              "pending": false,
              "context": null,
              "code": "cy.get('input[name=\"first_name\"]').type(data.first_name);\ncy.get('input[name=\"last_name\"]').type(data.last_name);\ncy.get('input[name=\"email\"]').type(data.email);\ncy.get('textarea[name=\"message\"]').type(data.message);\ncy.get('input[value=\"RESET\"]').click();\ncy.get('input[name=\"first_name\"]').should('have.value', \"\");\ncy.get('input[name=\"last_name\"]').should('have.value', \"\");\ncy.get('input[name=\"email\"]').should('have.value', \"\");\ncy.get('textarea[name=\"message\"]').should('have.value', \"\");",
              "err": {},
              "uuid": "5fc05655-5e70-4cba-a19f-76081a4db2c0",
              "parentUUID": "c04a015a-511c-451c-9230-b6f8acb765b2",
              "isHook": false,
              "skipped": false
            }
          ],
          "suites": [],
          "passes": [
            "0a96abe8-d044-4fa8-89bd-0ff098d8d99a",
            "b960de11-f639-46c0-9189-81442c9b50ca",
            "f5364bb0-bc2e-48cc-bd69-385afaee0ef8",
            "5fc05655-5e70-4cba-a19f-76081a4db2c0"
          ],
          "failures": [],
          "pending": [],
          "skipped": [],
          "duration": 9700,
          "root": false,
          "rootEmpty": false,
          "_timeout": 2000
        }
      ],
      "passes": [],
      "failures": [],
      "pending": [],
      "skipped": [],
      "duration": 0,
      "root": true,
      "rootEmpty": true,
      "_timeout": 2000
    }
  ],
  "meta": {
    "mocha": {
      "version": "7.0.1"
    },
    "mochawesome": {
      "options": {
        "quiet": false,
        "reportFilename": "mochawesome",
        "saveHtml": false,
        "saveJson": true,
        "consoleReporter": "spec",
        "useInlineDiffs": false,
        "code": true
      },
      "version": "7.1.3"
    },
    "marge": {
      "options": {
        "id": "default",
        "reportDir": "cypress/results/mochawesome",
        "quite": true,
        "overwrite": false,
        "html": false,
        "json": true
      },
      "version": "6.2.0"
    }
  }
}