{
  "stats": {
    "suites": 8,
    "tests": 17,
    "passes": 15,
    "pending": 2,
    "failures": 0,
    "start": "2023-01-03T11:28:00.787Z",
    "end": "2023-01-03T11:31:08.609Z",
    "duration": 116207,
    "testsRegistered": 17,
    "passPercent": 88.23529411764706,
    "pendingPercent": 11.764705882352942,
    "other": 0,
    "hasOther": false,
    "skipped": 0,
    "hasSkipped": false
  },
  "results": [
    {
      "uuid": "dcdae368-e2f2-45b5-832d-abbd0dd211c3",
      "title": "",
      "fullFile": "cypress\\e2e\\mix\\cardinal-cookies.js",
      "file": "cypress\\e2e\\mix\\cardinal-cookies.js",
      "beforeHooks": [],
      "afterHooks": [],
      "tests": [],
      "suites": [
        {
          "uuid": "9965a889-4474-47ac-8c9d-161c9efdaee3",
          "title": "Verify Cookie Banner on CardinalPath",
          "fullFile": "",
          "file": "",
          "beforeHooks": [],
          "afterHooks": [],
          "tests": [
            {
              "title": "The cookie should be set when the banner is closed",
              "fullTitle": "Verify Cookie Banner on CardinalPath The cookie should be set when the banner is closed",
              "timedOut": null,
              "duration": 23431,
              "state": "passed",
              "speed": "slow",
              "pass": true,
              "fail": false,
              "pending": false,
              "context": null,
              "code": "cy.visit('https://www.cardinalpath.com/');\ncy.get('#onetrust-banner-sdk').should('be.visible');\ncy.getCookie('OptanonAlertBoxClosed').should('not.exist');\ncy.get('#onetrust-accept-btn-handler').click().then(() => {\n  cy.get('#onetrust-banner-sdk').should('not.be.visible');\n  cy.getCookie('OptanonAlertBoxClosed').should('exist');\n});",
              "err": {},
              "uuid": "301da057-6728-469e-9771-7d95906f6181",
              "parentUUID": "9965a889-4474-47ac-8c9d-161c9efdaee3",
              "isHook": false,
              "skipped": false
            }
          ],
          "suites": [],
          "passes": [
            "301da057-6728-469e-9771-7d95906f6181"
          ],
          "failures": [],
          "pending": [],
          "skipped": [],
          "duration": 23431,
          "root": false,
          "rootEmpty": false,
          "_timeout": 2000
        }
      ],
      "passes": [],
      "failures": [],
      "pending": [],
      "skipped": [],
      "duration": 0,
      "root": true,
      "rootEmpty": true,
      "_timeout": 2000
    },
    {
      "uuid": "d2c8db16-3aff-4c55-a87c-4cbe362c12ab",
      "title": "",
      "fullFile": "cypress\\e2e\\mix\\creatures-form.js",
      "file": "cypress\\e2e\\mix\\creatures-form.js",
      "beforeHooks": [],
      "afterHooks": [],
      "tests": [],
      "suites": [
        {
          "uuid": "eeb9b283-c9fe-452c-87b9-dff17728dc10",
          "title": "Fill the form on eurobolat website",
          "fullFile": "",
          "file": "",
          "beforeHooks": [],
          "afterHooks": [],
          "tests": [
            {
              "title": "Should fill the form with user data",
              "fullTitle": "Fill the form on eurobolat website Should fill the form with user data",
              "timedOut": null,
              "duration": 3866,
              "state": "passed",
              "speed": "fast",
              "pass": true,
              "fail": false,
              "pending": false,
              "context": null,
              "code": "cy.visit(Cypress.env(\"bolatUrl\") + 'calendar.html');\ncy.get('img[src*=\"bagniuk\"]').should('be.visible');\ncy.get('#username').type(data.name);\ncy.get('#birthyear').type(data.year);\ncy.get('#submitCal').click();\ncy.url().should('contain', data.name).and('contain', data.year);\ncy.get('#rezultat').should('be.visible');\ncy.screenshot('The page with results of the test');",
              "err": {},
              "uuid": "77c021e9-4cc5-405b-8820-fa00561429b4",
              "parentUUID": "eeb9b283-c9fe-452c-87b9-dff17728dc10",
              "isHook": false,
              "skipped": false
            }
          ],
          "suites": [],
          "passes": [
            "77c021e9-4cc5-405b-8820-fa00561429b4"
          ],
          "failures": [],
          "pending": [],
          "skipped": [],
          "duration": 3866,
          "root": false,
          "rootEmpty": false,
          "_timeout": 2000
        }
      ],
      "passes": [],
      "failures": [],
      "pending": [],
      "skipped": [],
      "duration": 0,
      "root": true,
      "rootEmpty": true,
      "_timeout": 2000
    },
    {
      "uuid": "dd94cabd-02f2-4d3d-8b55-660ed01820a8",
      "title": "",
      "fullFile": "cypress\\e2e\\mix\\each-and-wrap.js",
      "file": "cypress\\e2e\\mix\\each-and-wrap.js",
      "beforeHooks": [],
      "afterHooks": [],
      "tests": [],
      "suites": [
        {
          "uuid": "a1c87a9e-dd3c-4188-8d98-e6e48bcee1ea",
          "title": "Iterate over the list items on eurobolat",
          "fullFile": "",
          "file": "",
          "beforeHooks": [],
          "afterHooks": [],
          "tests": [
            {
              "title": "Log all names",
              "fullTitle": "Iterate over the list items on eurobolat Log all names",
              "timedOut": null,
              "duration": 3709,
              "state": "passed",
              "speed": "fast",
              "pass": true,
              "fail": false,
              "pending": false,
              "context": null,
              "code": "cy.get('#emenu li a').each(($el, index, $list) => {\n  cy.log('Section number ' + index + ': ' + $el.text());\n});",
              "err": {},
              "uuid": "322a1792-b9ad-402d-ba4d-f10f9583383a",
              "parentUUID": "a1c87a9e-dd3c-4188-8d98-e6e48bcee1ea",
              "isHook": false,
              "skipped": false
            },
            {
              "title": "Go to the History page",
              "fullTitle": "Iterate over the list items on eurobolat Go to the History page",
              "timedOut": null,
              "duration": 1696,
              "state": "passed",
              "speed": "fast",
              "pass": true,
              "fail": false,
              "pending": false,
              "context": null,
              "code": "//doesn't work � can be because of cyrillycs?\ncy.get('#emenu li a').each(($el, index, $list) => {\n  if ($el.text().includes('�������')) {\n    cy.wrap($el).click();\n  }\n});",
              "err": {},
              "uuid": "1aa6351e-154d-493f-9c73-64fbd170a280",
              "parentUUID": "a1c87a9e-dd3c-4188-8d98-e6e48bcee1ea",
              "isHook": false,
              "skipped": false
            }
          ],
          "suites": [],
          "passes": [
            "322a1792-b9ad-402d-ba4d-f10f9583383a",
            "1aa6351e-154d-493f-9c73-64fbd170a280"
          ],
          "failures": [],
          "pending": [],
          "skipped": [],
          "duration": 5405,
          "root": false,
          "rootEmpty": false,
          "_timeout": 2000
        },
        {
          "uuid": "ba6385f7-9b01-4b22-af67-3d1c3d96b749",
          "title": "Iterate over the list items on Vention",
          "fullFile": "",
          "file": "",
          "beforeHooks": [],
          "afterHooks": [],
          "tests": [
            {
              "title": "Log all names",
              "fullTitle": "Iterate over the list items on Vention Log all names",
              "timedOut": null,
              "duration": 9731,
              "state": "passed",
              "speed": "medium",
              "pass": true,
              "fail": false,
              "pending": false,
              "context": null,
              "code": "cy.viewport(1366, 768);\ncy.visit('https://vention.io/');\ncy.get('button[type=\"submit\"] span.icon-close').click({\n  force: true\n});\ncy.get('button.nav-link').each(($el, index, $list) => {\n  cy.log('Section number ' + index + ': ' + $el.text());\n});",
              "err": {},
              "uuid": "aa75ac0b-7b36-47a0-b0c5-fa3430e4e786",
              "parentUUID": "ba6385f7-9b01-4b22-af67-3d1c3d96b749",
              "isHook": false,
              "skipped": false
            },
            {
              "title": "Go to the Designs page",
              "fullTitle": "Iterate over the list items on Vention Go to the Designs page",
              "timedOut": null,
              "duration": 0,
              "state": "pending",
              "speed": null,
              "pass": false,
              "fail": false,
              "pending": false,
              "context": null,
              "code": "//Expected to find element: button.nav-link, but never found it.\ncy.viewport(1366, 768);\ncy.get('button.nav-link').each(($el, index, $list) => {\n  if ($el.text().includes('Designs')) {\n    cy.wrap($el).click();\n    cy.get('a.link-column-item-link[href*=\"category=MT\"]').click();\n  }\n});\ncy.get('h1.listing-page-heading').should('have.text', 'Machine Tending ');",
              "err": {},
              "uuid": "430048f2-50a5-41be-84b8-cece847c0c26",
              "parentUUID": "ba6385f7-9b01-4b22-af67-3d1c3d96b749",
              "isHook": false,
              "skipped": true
            }
          ],
          "suites": [],
          "passes": [
            "aa75ac0b-7b36-47a0-b0c5-fa3430e4e786"
          ],
          "failures": [],
          "pending": [],
          "skipped": [
            "430048f2-50a5-41be-84b8-cece847c0c26"
          ],
          "duration": 9731,
          "root": false,
          "rootEmpty": false,
          "_timeout": 2000
        }
      ],
      "passes": [],
      "failures": [],
      "pending": [],
      "skipped": [],
      "duration": 0,
      "root": true,
      "rootEmpty": true,
      "_timeout": 2000
    },
    {
      "uuid": "9ffae935-9512-4967-8680-38a3c8809811",
      "title": "",
      "fullFile": "cypress\\e2e\\mix\\hooks.js",
      "file": "cypress\\e2e\\mix\\hooks.js",
      "beforeHooks": [],
      "afterHooks": [],
      "tests": [],
      "suites": [
        {
          "uuid": "4cfa9fe6-cabd-4834-88f6-74148321b87d",
          "title": "Hooks",
          "fullFile": "",
          "file": "",
          "beforeHooks": [],
          "afterHooks": [],
          "tests": [
            {
              "title": "Example Test 1",
              "fullTitle": "Hooks Example Test 1",
              "timedOut": null,
              "duration": 476,
              "state": "passed",
              "speed": "fast",
              "pass": true,
              "fail": false,
              "pending": false,
              "context": null,
              "code": "cy.log('Example Test 1');",
              "err": {},
              "uuid": "05574d2a-36d7-4977-975f-cadcee3f36c0",
              "parentUUID": "4cfa9fe6-cabd-4834-88f6-74148321b87d",
              "isHook": false,
              "skipped": false
            },
            {
              "title": "Example Test 2",
              "fullTitle": "Hooks Example Test 2",
              "timedOut": null,
              "duration": 34,
              "state": "passed",
              "speed": "fast",
              "pass": true,
              "fail": false,
              "pending": false,
              "context": null,
              "code": "cy.log('Example Test 2');",
              "err": {},
              "uuid": "3b06fdea-92df-4878-990c-4655e743bc1e",
              "parentUUID": "4cfa9fe6-cabd-4834-88f6-74148321b87d",
              "isHook": false,
              "skipped": false
            }
          ],
          "suites": [],
          "passes": [
            "05574d2a-36d7-4977-975f-cadcee3f36c0",
            "3b06fdea-92df-4878-990c-4655e743bc1e"
          ],
          "failures": [],
          "pending": [],
          "skipped": [],
          "duration": 510,
          "root": false,
          "rootEmpty": false,
          "_timeout": 2000
        }
      ],
      "passes": [],
      "failures": [],
      "pending": [],
      "skipped": [],
      "duration": 0,
      "root": true,
      "rootEmpty": true,
      "_timeout": 2000
    },
    {
      "uuid": "15e348c9-d538-4322-bb26-706872ecd8f8",
      "title": "",
      "fullFile": "cypress\\e2e\\mix\\same-origin-policy.js",
      "file": "cypress\\e2e\\mix\\same-origin-policy.js",
      "beforeHooks": [],
      "afterHooks": [],
      "tests": [],
      "suites": [
        {
          "uuid": "144169e7-ddbf-4798-83e4-908c6e91b37b",
          "title": "Cypress web security",
          "fullFile": "",
          "file": "",
          "beforeHooks": [],
          "afterHooks": [],
          "tests": [
            {
              "title": "Validate visiting 2 different domains",
              "fullTitle": "Cypress web security Validate visiting 2 different domains",
              "timedOut": null,
              "duration": 0,
              "state": "pending",
              "speed": null,
              "pass": false,
              "fail": false,
              "pending": false,
              "context": null,
              "code": "cy.visit('http://www.webdriveruniversity.com/');\ncy.visit('https://www.automationteststore.com/');",
              "err": {},
              "uuid": "10cb51be-1b21-4b65-bd99-701219158dfd",
              "parentUUID": "144169e7-ddbf-4798-83e4-908c6e91b37b",
              "isHook": false,
              "skipped": true
            },
            {
              "title": "Validate visiting 2 different domains via user actions",
              "fullTitle": "Cypress web security Validate visiting 2 different domains via user actions",
              "timedOut": null,
              "duration": 20977,
              "state": "passed",
              "speed": "slow",
              "pass": true,
              "fail": false,
              "pending": false,
              "context": null,
              "code": "cy.visit('http://www.webdriveruniversity.com/');\ncy.get('#automation-test-store').invoke('removeAttr', 'target').click();",
              "err": {},
              "uuid": "303ded65-2728-415b-931c-50e73fb1f00d",
              "parentUUID": "144169e7-ddbf-4798-83e4-908c6e91b37b",
              "isHook": false,
              "skipped": false
            },
            {
              "title": "Origin command",
              "fullTitle": "Cypress web security Origin command",
              "timedOut": null,
              "duration": 6213,
              "state": "passed",
              "speed": "medium",
              "pass": true,
              "fail": false,
              "pending": false,
              "context": null,
              "code": "cy.origin('webdriveruniversity.com', () => {\n  cy.visit('/');\n});\ncy.origin('automationteststore.com', () => {\n  cy.visit('/');\n});",
              "err": {},
              "uuid": "e42b878e-3550-4354-8e4f-901d47f8bfb4",
              "parentUUID": "144169e7-ddbf-4798-83e4-908c6e91b37b",
              "isHook": false,
              "skipped": false
            }
          ],
          "suites": [],
          "passes": [
            "303ded65-2728-415b-931c-50e73fb1f00d",
            "e42b878e-3550-4354-8e4f-901d47f8bfb4"
          ],
          "failures": [],
          "pending": [],
          "skipped": [
            "10cb51be-1b21-4b65-bd99-701219158dfd"
          ],
          "duration": 27190,
          "root": false,
          "rootEmpty": false,
          "_timeout": 2000
        }
      ],
      "passes": [],
      "failures": [],
      "pending": [],
      "skipped": [],
      "duration": 0,
      "root": true,
      "rootEmpty": true,
      "_timeout": 2000
    },
    {
      "uuid": "6550cabe-76fc-416d-a4a3-ea40c5dcd60d",
      "title": "",
      "fullFile": "cypress\\e2e\\mix\\search-on-gramota.js",
      "file": "cypress\\e2e\\mix\\search-on-gramota.js",
      "beforeHooks": [],
      "afterHooks": [],
      "tests": [],
      "suites": [
        {
          "uuid": "2a935482-f314-4a60-a3f7-4517499b5ea7",
          "title": "Make a search request using the custom command",
          "fullFile": "",
          "file": "",
          "beforeHooks": [],
          "afterHooks": [],
          "tests": [
            {
              "title": "Make and verify a search request",
              "fullTitle": "Make a search request using the custom command Make and verify a search request",
              "timedOut": null,
              "duration": 3645,
              "state": "passed",
              "speed": "fast",
              "pass": true,
              "fail": false,
              "pending": false,
              "context": null,
              "code": "cy.searchGramota(Cypress.env('gramotaReq'));",
              "err": {},
              "uuid": "4e37b5e5-694c-490f-b5ed-5fbbb064688d",
              "parentUUID": "2a935482-f314-4a60-a3f7-4517499b5ea7",
              "isHook": false,
              "skipped": false
            }
          ],
          "suites": [],
          "passes": [
            "4e37b5e5-694c-490f-b5ed-5fbbb064688d"
          ],
          "failures": [],
          "pending": [],
          "skipped": [],
          "duration": 3645,
          "root": false,
          "rootEmpty": false,
          "_timeout": 2000
        }
      ],
      "passes": [],
      "failures": [],
      "pending": [],
      "skipped": [],
      "duration": 0,
      "root": true,
      "rootEmpty": true,
      "_timeout": 2000
    },
    {
      "uuid": "03519ff3-9431-4872-b939-cf8ffed72484",
      "title": "",
      "fullFile": "cypress\\e2e\\mix\\traversing-bolat.js",
      "file": "cypress\\e2e\\mix\\traversing-bolat.js",
      "beforeHooks": [],
      "afterHooks": [],
      "tests": [],
      "suites": [
        {
          "uuid": "c6aa6f65-3a94-43cf-97b0-3c77cdd9af81",
          "title": "Some commands that let us do traversing",
          "fullFile": "",
          "file": "",
          "beforeHooks": [],
          "afterHooks": [],
          "tests": [
            {
              "title": "Accessing elements in nav-menu",
              "fullTitle": "Some commands that let us do traversing Accessing elements in nav-menu",
              "timedOut": null,
              "duration": 3096,
              "state": "passed",
              "speed": "fast",
              "pass": true,
              "fail": false,
              "pending": false,
              "context": null,
              "code": "cy.get('#emenu').children('li').should('have.length', 6);\ncy.get('#emenu').children('li').eq(4).as('calendar');\ncy.get('@calendar').children('a').should('have.attr', 'href').and('include', 'calendar');\ncy.get('a[href*=\"eurotrips\"]').closest('ul').should('have.attr', 'id').and('eq', 'emenu');",
              "err": {},
              "uuid": "79853667-8417-433b-91a1-58a56444a6b8",
              "parentUUID": "c6aa6f65-3a94-43cf-97b0-3c77cdd9af81",
              "isHook": false,
              "skipped": false
            },
            {
              "title": "Find a quote",
              "fullTitle": "Some commands that let us do traversing Find a quote",
              "timedOut": null,
              "duration": 1513,
              "state": "passed",
              "speed": "fast",
              "pass": true,
              "fail": false,
              "pending": false,
              "context": null,
              "code": "cy.get('section.grid-two').find('.grid-item-two').find('p').should('have.attr', 'id').and('eq', 'pazanskaya');",
              "err": {},
              "uuid": "07f40f8f-85e0-4ecd-8252-d1fea9a8e736",
              "parentUUID": "c6aa6f65-3a94-43cf-97b0-3c77cdd9af81",
              "isHook": false,
              "skipped": false
            },
            {
              "title": "Find an email",
              "fullTitle": "Some commands that let us do traversing Find an email",
              "timedOut": null,
              "duration": 1327,
              "state": "passed",
              "speed": "fast",
              "pass": true,
              "fail": false,
              "pending": false,
              "context": null,
              "code": "cy.get('#efooter > *').not('#foot3').should('have.css', 'marginLeft', '10px');",
              "err": {},
              "uuid": "d3d50f48-d34a-4cbc-8661-d7ba747dfd4f",
              "parentUUID": "c6aa6f65-3a94-43cf-97b0-3c77cdd9af81",
              "isHook": false,
              "skipped": false
            }
          ],
          "suites": [],
          "passes": [
            "79853667-8417-433b-91a1-58a56444a6b8",
            "07f40f8f-85e0-4ecd-8252-d1fea9a8e736",
            "d3d50f48-d34a-4cbc-8661-d7ba747dfd4f"
          ],
          "failures": [],
          "pending": [],
          "skipped": [],
          "duration": 5936,
          "root": false,
          "rootEmpty": false,
          "_timeout": 2000
        }
      ],
      "passes": [],
      "failures": [],
      "pending": [],
      "skipped": [],
      "duration": 0,
      "root": true,
      "rootEmpty": true,
      "_timeout": 2000
    },
    {
      "uuid": "5f6ad014-fe33-42f1-b89e-b1ea920475ed",
      "title": "",
      "fullFile": "cypress\\e2e\\mix\\aliases.js",
      "file": "cypress\\e2e\\mix\\aliases.js",
      "beforeHooks": [],
      "afterHooks": [],
      "tests": [],
      "suites": [
        {
          "uuid": "834fc1fe-5f16-41dc-a2a6-928b620fa494",
          "title": "Practicing aliases",
          "fullFile": "",
          "file": "",
          "beforeHooks": [],
          "afterHooks": [],
          "tests": [
            {
              "title": "Click on the Tennis link",
              "fullTitle": "Practicing aliases Click on the Tennis link",
              "timedOut": null,
              "duration": 12631,
              "state": "passed",
              "speed": "slow",
              "pass": true,
              "fail": false,
              "pending": false,
              "context": null,
              "code": "cy.visit('https://www.bbc.com/sport');\ncy.get('ul.ssrcss-min3p3-StyledMenuList').contains('Tennis').invoke('text').as('tennisLink').then(() => {\n  cy.log('@tennisLink');\n});\ncy.get('ul.ssrcss-min3p3-StyledMenuList').contains('Tennis').click();\ncy.url().should('contain', '/sport/tennis');\ncy.get('a.sp-c-global-header__logo').should('include.text', 'Sport');\ncy.get('div[role=banner]').as('yellowBanner');\ncy.get('@yellowBanner').should('have.css', 'background-color', 'rgb(255, 210, 48)');",
              "err": {},
              "uuid": "24c5a6ce-0fdc-4f8e-8d3b-e7ed895bae09",
              "parentUUID": "834fc1fe-5f16-41dc-a2a6-928b620fa494",
              "isHook": false,
              "skipped": false
            },
            {
              "title": "Search input actions",
              "fullTitle": "Practicing aliases Search input actions",
              "timedOut": null,
              "duration": 23862,
              "state": "passed",
              "speed": "slow",
              "pass": true,
              "fail": false,
              "pending": false,
              "context": null,
              "code": "cy.visit('https://www.bbc.com/travel');\ncy.get('a#orbit-search-button').should('have.attr', 'title', 'Search BBC');\ncy.get('a#orbit-search-button').click(); //the following code fails\n// Cypress detected a cross origin error happened on page load:\ncy.url().should('contain', 'FEATURE_SITES_GNL');\ncy.get('input#search-input').should('have.attr', 'placeholder', 'Search the BBC');",
              "err": {},
              "uuid": "2d535f0c-1880-400b-bd23-efd938a95a0a",
              "parentUUID": "834fc1fe-5f16-41dc-a2a6-928b620fa494",
              "isHook": false,
              "skipped": false
            }
          ],
          "suites": [],
          "passes": [
            "24c5a6ce-0fdc-4f8e-8d3b-e7ed895bae09",
            "2d535f0c-1880-400b-bd23-efd938a95a0a"
          ],
          "failures": [],
          "pending": [],
          "skipped": [],
          "duration": 36493,
          "root": false,
          "rootEmpty": false,
          "_timeout": 2000
        }
      ],
      "passes": [],
      "failures": [],
      "pending": [],
      "skipped": [],
      "duration": 0,
      "root": true,
      "rootEmpty": true,
      "_timeout": 2000
    }
  ],
  "meta": {
    "mocha": {
      "version": "7.0.1"
    },
    "mochawesome": {
      "options": {
        "quiet": false,
        "reportFilename": "mochawesome",
        "saveHtml": false,
        "saveJson": true,
        "consoleReporter": "spec",
        "useInlineDiffs": false,
        "code": true
      },
      "version": "7.1.3"
    },
    "marge": {
      "options": {
        "id": "default",
        "reportDir": "cypress/results/mochawesome",
        "quite": true,
        "overwrite": false,
        "html": false,
        "json": true
      },
      "version": "6.2.0"
    }
  }
}