{
  "stats": {
    "suites": 1,
    "tests": 2,
    "passes": 2,
    "pending": 0,
    "failures": 0,
    "start": "2023-01-03T11:30:10.581Z",
    "end": "2023-01-03T11:30:11.132Z",
    "duration": 551,
    "testsRegistered": 2,
    "passPercent": 100,
    "pendingPercent": 0,
    "other": 0,
    "hasOther": false,
    "skipped": 0,
    "hasSkipped": false
  },
  "results": [
    {
      "uuid": "9ffae935-9512-4967-8680-38a3c8809811",
      "title": "",
      "fullFile": "cypress\\e2e\\mix\\hooks.js",
      "file": "cypress\\e2e\\mix\\hooks.js",
      "beforeHooks": [],
      "afterHooks": [],
      "tests": [],
      "suites": [
        {
          "uuid": "4cfa9fe6-cabd-4834-88f6-74148321b87d",
          "title": "Hooks",
          "fullFile": "",
          "file": "",
          "beforeHooks": [],
          "afterHooks": [],
          "tests": [
            {
              "title": "Example Test 1",
              "fullTitle": "Hooks Example Test 1",
              "timedOut": null,
              "duration": 476,
              "state": "passed",
              "speed": "fast",
              "pass": true,
              "fail": false,
              "pending": false,
              "context": null,
              "code": "cy.log('Example Test 1');",
              "err": {},
              "uuid": "05574d2a-36d7-4977-975f-cadcee3f36c0",
              "parentUUID": "4cfa9fe6-cabd-4834-88f6-74148321b87d",
              "isHook": false,
              "skipped": false
            },
            {
              "title": "Example Test 2",
              "fullTitle": "Hooks Example Test 2",
              "timedOut": null,
              "duration": 34,
              "state": "passed",
              "speed": "fast",
              "pass": true,
              "fail": false,
              "pending": false,
              "context": null,
              "code": "cy.log('Example Test 2');",
              "err": {},
              "uuid": "3b06fdea-92df-4878-990c-4655e743bc1e",
              "parentUUID": "4cfa9fe6-cabd-4834-88f6-74148321b87d",
              "isHook": false,
              "skipped": false
            }
          ],
          "suites": [],
          "passes": [
            "05574d2a-36d7-4977-975f-cadcee3f36c0",
            "3b06fdea-92df-4878-990c-4655e743bc1e"
          ],
          "failures": [],
          "pending": [],
          "skipped": [],
          "duration": 510,
          "root": false,
          "rootEmpty": false,
          "_timeout": 2000
        }
      ],
      "passes": [],
      "failures": [],
      "pending": [],
      "skipped": [],
      "duration": 0,
      "root": true,
      "rootEmpty": true,
      "_timeout": 2000
    }
  ],
  "meta": {
    "mocha": {
      "version": "7.0.1"
    },
    "mochawesome": {
      "options": {
        "quiet": false,
        "reportFilename": "mochawesome",
        "saveHtml": false,
        "saveJson": true,
        "consoleReporter": "spec",
        "useInlineDiffs": false,
        "code": true
      },
      "version": "7.1.3"
    },
    "marge": {
      "options": {
        "id": "default",
        "reportDir": "cypress/results/mochawesome",
        "quite": true,
        "overwrite": false,
        "html": false,
        "json": true
      },
      "version": "6.2.0"
    }
  }
}