{
  "stats": {
    "suites": 1,
    "tests": 1,
    "passes": 1,
    "pending": 0,
    "failures": 0,
    "start": "2023-01-03T11:30:48.685Z",
    "end": "2023-01-03T11:30:54.771Z",
    "duration": 6086,
    "testsRegistered": 1,
    "passPercent": 100,
    "pendingPercent": 0,
    "other": 0,
    "hasOther": false,
    "skipped": 0,
    "hasSkipped": false
  },
  "results": [
    {
      "uuid": "6550cabe-76fc-416d-a4a3-ea40c5dcd60d",
      "title": "",
      "fullFile": "cypress\\e2e\\mix\\search-on-gramota.js",
      "file": "cypress\\e2e\\mix\\search-on-gramota.js",
      "beforeHooks": [],
      "afterHooks": [],
      "tests": [],
      "suites": [
        {
          "uuid": "2a935482-f314-4a60-a3f7-4517499b5ea7",
          "title": "Make a search request using the custom command",
          "fullFile": "",
          "file": "",
          "beforeHooks": [],
          "afterHooks": [],
          "tests": [
            {
              "title": "Make and verify a search request",
              "fullTitle": "Make a search request using the custom command Make and verify a search request",
              "timedOut": null,
              "duration": 3645,
              "state": "passed",
              "speed": "fast",
              "pass": true,
              "fail": false,
              "pending": false,
              "context": null,
              "code": "cy.searchGramota(Cypress.env('gramotaReq'));",
              "err": {},
              "uuid": "4e37b5e5-694c-490f-b5ed-5fbbb064688d",
              "parentUUID": "2a935482-f314-4a60-a3f7-4517499b5ea7",
              "isHook": false,
              "skipped": false
            }
          ],
          "suites": [],
          "passes": [
            "4e37b5e5-694c-490f-b5ed-5fbbb064688d"
          ],
          "failures": [],
          "pending": [],
          "skipped": [],
          "duration": 3645,
          "root": false,
          "rootEmpty": false,
          "_timeout": 2000
        }
      ],
      "passes": [],
      "failures": [],
      "pending": [],
      "skipped": [],
      "duration": 0,
      "root": true,
      "rootEmpty": true,
      "_timeout": 2000
    }
  ],
  "meta": {
    "mocha": {
      "version": "7.0.1"
    },
    "mochawesome": {
      "options": {
        "quiet": false,
        "reportFilename": "mochawesome",
        "saveHtml": false,
        "saveJson": true,
        "consoleReporter": "spec",
        "useInlineDiffs": false,
        "code": true
      },
      "version": "7.1.3"
    },
    "marge": {
      "options": {
        "id": "default",
        "reportDir": "cypress/results/mochawesome",
        "quite": true,
        "overwrite": false,
        "html": false,
        "json": true
      },
      "version": "6.2.0"
    }
  }
}