{
  "stats": {
    "suites": 1,
    "tests": 2,
    "passes": 2,
    "pending": 0,
    "failures": 0,
    "start": "2023-01-03T11:28:00.787Z",
    "end": "2023-01-03T11:28:41.772Z",
    "duration": 40985,
    "testsRegistered": 2,
    "passPercent": 100,
    "pendingPercent": 0,
    "other": 0,
    "hasOther": false,
    "skipped": 0,
    "hasSkipped": false
  },
  "results": [
    {
      "uuid": "5f6ad014-fe33-42f1-b89e-b1ea920475ed",
      "title": "",
      "fullFile": "cypress\\e2e\\mix\\aliases.js",
      "file": "cypress\\e2e\\mix\\aliases.js",
      "beforeHooks": [],
      "afterHooks": [],
      "tests": [],
      "suites": [
        {
          "uuid": "834fc1fe-5f16-41dc-a2a6-928b620fa494",
          "title": "Practicing aliases",
          "fullFile": "",
          "file": "",
          "beforeHooks": [],
          "afterHooks": [],
          "tests": [
            {
              "title": "Click on the Tennis link",
              "fullTitle": "Practicing aliases Click on the Tennis link",
              "timedOut": null,
              "duration": 12631,
              "state": "passed",
              "speed": "slow",
              "pass": true,
              "fail": false,
              "pending": false,
              "context": null,
              "code": "cy.visit('https://www.bbc.com/sport');\ncy.get('ul.ssrcss-min3p3-StyledMenuList').contains('Tennis').invoke('text').as('tennisLink').then(() => {\n  cy.log('@tennisLink');\n});\ncy.get('ul.ssrcss-min3p3-StyledMenuList').contains('Tennis').click();\ncy.url().should('contain', '/sport/tennis');\ncy.get('a.sp-c-global-header__logo').should('include.text', 'Sport');\ncy.get('div[role=banner]').as('yellowBanner');\ncy.get('@yellowBanner').should('have.css', 'background-color', 'rgb(255, 210, 48)');",
              "err": {},
              "uuid": "24c5a6ce-0fdc-4f8e-8d3b-e7ed895bae09",
              "parentUUID": "834fc1fe-5f16-41dc-a2a6-928b620fa494",
              "isHook": false,
              "skipped": false
            },
            {
              "title": "Search input actions",
              "fullTitle": "Practicing aliases Search input actions",
              "timedOut": null,
              "duration": 23862,
              "state": "passed",
              "speed": "slow",
              "pass": true,
              "fail": false,
              "pending": false,
              "context": null,
              "code": "cy.visit('https://www.bbc.com/travel');\ncy.get('a#orbit-search-button').should('have.attr', 'title', 'Search BBC');\ncy.get('a#orbit-search-button').click(); //the following code fails\n// Cypress detected a cross origin error happened on page load:\ncy.url().should('contain', 'FEATURE_SITES_GNL');\ncy.get('input#search-input').should('have.attr', 'placeholder', 'Search the BBC');",
              "err": {},
              "uuid": "2d535f0c-1880-400b-bd23-efd938a95a0a",
              "parentUUID": "834fc1fe-5f16-41dc-a2a6-928b620fa494",
              "isHook": false,
              "skipped": false
            }
          ],
          "suites": [],
          "passes": [
            "24c5a6ce-0fdc-4f8e-8d3b-e7ed895bae09",
            "2d535f0c-1880-400b-bd23-efd938a95a0a"
          ],
          "failures": [],
          "pending": [],
          "skipped": [],
          "duration": 36493,
          "root": false,
          "rootEmpty": false,
          "_timeout": 2000
        }
      ],
      "passes": [],
      "failures": [],
      "pending": [],
      "skipped": [],
      "duration": 0,
      "root": true,
      "rootEmpty": true,
      "_timeout": 2000
    }
  ],
  "meta": {
    "mocha": {
      "version": "7.0.1"
    },
    "mochawesome": {
      "options": {
        "quiet": false,
        "reportFilename": "mochawesome",
        "saveHtml": false,
        "saveJson": true,
        "consoleReporter": "spec",
        "useInlineDiffs": false,
        "code": true
      },
      "version": "7.1.3"
    },
    "marge": {
      "options": {
        "id": "default",
        "reportDir": "cypress/results/mochawesome",
        "quite": true,
        "overwrite": false,
        "html": false,
        "json": true
      },
      "version": "6.2.0"
    }
  }
}