{
  "stats": {
    "suites": 1,
    "tests": 2,
    "passes": 2,
    "pending": 1,
    "failures": -1,
    "start": "2023-01-03T11:30:14.355Z",
    "end": "2023-01-03T11:30:41.702Z",
    "duration": 27347,
    "testsRegistered": 3,
    "passPercent": 100,
    "pendingPercent": 33.33333333333333,
    "other": 1,
    "hasOther": true,
    "skipped": 1,
    "hasSkipped": true
  },
  "results": [
    {
      "uuid": "15e348c9-d538-4322-bb26-706872ecd8f8",
      "title": "",
      "fullFile": "cypress\\e2e\\mix\\same-origin-policy.js",
      "file": "cypress\\e2e\\mix\\same-origin-policy.js",
      "beforeHooks": [],
      "afterHooks": [],
      "tests": [],
      "suites": [
        {
          "uuid": "144169e7-ddbf-4798-83e4-908c6e91b37b",
          "title": "Cypress web security",
          "fullFile": "",
          "file": "",
          "beforeHooks": [],
          "afterHooks": [],
          "tests": [
            {
              "title": "Validate visiting 2 different domains",
              "fullTitle": "Cypress web security Validate visiting 2 different domains",
              "timedOut": null,
              "duration": 0,
              "state": "pending",
              "speed": null,
              "pass": false,
              "fail": false,
              "pending": false,
              "context": null,
              "code": "cy.visit('http://www.webdriveruniversity.com/');\ncy.visit('https://www.automationteststore.com/');",
              "err": {},
              "uuid": "10cb51be-1b21-4b65-bd99-701219158dfd",
              "parentUUID": "144169e7-ddbf-4798-83e4-908c6e91b37b",
              "isHook": false,
              "skipped": true
            },
            {
              "title": "Validate visiting 2 different domains via user actions",
              "fullTitle": "Cypress web security Validate visiting 2 different domains via user actions",
              "timedOut": null,
              "duration": 20977,
              "state": "passed",
              "speed": "slow",
              "pass": true,
              "fail": false,
              "pending": false,
              "context": null,
              "code": "cy.visit('http://www.webdriveruniversity.com/');\ncy.get('#automation-test-store').invoke('removeAttr', 'target').click();",
              "err": {},
              "uuid": "303ded65-2728-415b-931c-50e73fb1f00d",
              "parentUUID": "144169e7-ddbf-4798-83e4-908c6e91b37b",
              "isHook": false,
              "skipped": false
            },
            {
              "title": "Origin command",
              "fullTitle": "Cypress web security Origin command",
              "timedOut": null,
              "duration": 6213,
              "state": "passed",
              "speed": "medium",
              "pass": true,
              "fail": false,
              "pending": false,
              "context": null,
              "code": "cy.origin('webdriveruniversity.com', () => {\n  cy.visit('/');\n});\ncy.origin('automationteststore.com', () => {\n  cy.visit('/');\n});",
              "err": {},
              "uuid": "e42b878e-3550-4354-8e4f-901d47f8bfb4",
              "parentUUID": "144169e7-ddbf-4798-83e4-908c6e91b37b",
              "isHook": false,
              "skipped": false
            }
          ],
          "suites": [],
          "passes": [
            "303ded65-2728-415b-931c-50e73fb1f00d",
            "e42b878e-3550-4354-8e4f-901d47f8bfb4"
          ],
          "failures": [],
          "pending": [],
          "skipped": [
            "10cb51be-1b21-4b65-bd99-701219158dfd"
          ],
          "duration": 27190,
          "root": false,
          "rootEmpty": false,
          "_timeout": 2000
        }
      ],
      "passes": [],
      "failures": [],
      "pending": [],
      "skipped": [],
      "duration": 0,
      "root": true,
      "rootEmpty": true,
      "_timeout": 2000
    }
  ],
  "meta": {
    "mocha": {
      "version": "7.0.1"
    },
    "mochawesome": {
      "options": {
        "quiet": false,
        "reportFilename": "mochawesome",
        "saveHtml": false,
        "saveJson": true,
        "consoleReporter": "spec",
        "useInlineDiffs": false,
        "code": true
      },
      "version": "7.1.3"
    },
    "marge": {
      "options": {
        "id": "default",
        "reportDir": "cypress/results/mochawesome",
        "quite": true,
        "overwrite": false,
        "html": false,
        "json": true
      },
      "version": "6.2.0"
    }
  }
}