{
  "stats": {
    "suites": 1,
    "tests": 1,
    "passes": 1,
    "pending": 0,
    "failures": 0,
    "start": "2023-01-03T11:28:51.374Z",
    "end": "2023-01-03T11:29:23.279Z",
    "duration": 31905,
    "testsRegistered": 1,
    "passPercent": 100,
    "pendingPercent": 0,
    "other": 0,
    "hasOther": false,
    "skipped": 0,
    "hasSkipped": false
  },
  "results": [
    {
      "uuid": "dcdae368-e2f2-45b5-832d-abbd0dd211c3",
      "title": "",
      "fullFile": "cypress\\e2e\\mix\\cardinal-cookies.js",
      "file": "cypress\\e2e\\mix\\cardinal-cookies.js",
      "beforeHooks": [],
      "afterHooks": [],
      "tests": [],
      "suites": [
        {
          "uuid": "9965a889-4474-47ac-8c9d-161c9efdaee3",
          "title": "Verify Cookie Banner on CardinalPath",
          "fullFile": "",
          "file": "",
          "beforeHooks": [],
          "afterHooks": [],
          "tests": [
            {
              "title": "The cookie should be set when the banner is closed",
              "fullTitle": "Verify Cookie Banner on CardinalPath The cookie should be set when the banner is closed",
              "timedOut": null,
              "duration": 23431,
              "state": "passed",
              "speed": "slow",
              "pass": true,
              "fail": false,
              "pending": false,
              "context": null,
              "code": "cy.visit('https://www.cardinalpath.com/');\ncy.get('#onetrust-banner-sdk').should('be.visible');\ncy.getCookie('OptanonAlertBoxClosed').should('not.exist');\ncy.get('#onetrust-accept-btn-handler').click().then(() => {\n  cy.get('#onetrust-banner-sdk').should('not.be.visible');\n  cy.getCookie('OptanonAlertBoxClosed').should('exist');\n});",
              "err": {},
              "uuid": "301da057-6728-469e-9771-7d95906f6181",
              "parentUUID": "9965a889-4474-47ac-8c9d-161c9efdaee3",
              "isHook": false,
              "skipped": false
            }
          ],
          "suites": [],
          "passes": [
            "301da057-6728-469e-9771-7d95906f6181"
          ],
          "failures": [],
          "pending": [],
          "skipped": [],
          "duration": 23431,
          "root": false,
          "rootEmpty": false,
          "_timeout": 2000
        }
      ],
      "passes": [],
      "failures": [],
      "pending": [],
      "skipped": [],
      "duration": 0,
      "root": true,
      "rootEmpty": true,
      "_timeout": 2000
    }
  ],
  "meta": {
    "mocha": {
      "version": "7.0.1"
    },
    "mochawesome": {
      "options": {
        "quiet": false,
        "reportFilename": "mochawesome",
        "saveHtml": false,
        "saveJson": true,
        "consoleReporter": "spec",
        "useInlineDiffs": false,
        "code": true
      },
      "version": "7.1.3"
    },
    "marge": {
      "options": {
        "id": "default",
        "reportDir": "cypress/results/mochawesome",
        "quite": true,
        "overwrite": false,
        "html": false,
        "json": true
      },
      "version": "6.2.0"
    }
  }
}