{
  "stats": {
    "suites": 1,
    "tests": 1,
    "passes": 1,
    "pending": 0,
    "failures": 0,
    "start": "2023-01-03T11:29:30.837Z",
    "end": "2023-01-03T11:29:38.250Z",
    "duration": 7413,
    "testsRegistered": 1,
    "passPercent": 100,
    "pendingPercent": 0,
    "other": 0,
    "hasOther": false,
    "skipped": 0,
    "hasSkipped": false
  },
  "results": [
    {
      "uuid": "d2c8db16-3aff-4c55-a87c-4cbe362c12ab",
      "title": "",
      "fullFile": "cypress\\e2e\\mix\\creatures-form.js",
      "file": "cypress\\e2e\\mix\\creatures-form.js",
      "beforeHooks": [],
      "afterHooks": [],
      "tests": [],
      "suites": [
        {
          "uuid": "eeb9b283-c9fe-452c-87b9-dff17728dc10",
          "title": "Fill the form on eurobolat website",
          "fullFile": "",
          "file": "",
          "beforeHooks": [],
          "afterHooks": [],
          "tests": [
            {
              "title": "Should fill the form with user data",
              "fullTitle": "Fill the form on eurobolat website Should fill the form with user data",
              "timedOut": null,
              "duration": 3866,
              "state": "passed",
              "speed": "fast",
              "pass": true,
              "fail": false,
              "pending": false,
              "context": null,
              "code": "cy.visit(Cypress.env(\"bolatUrl\") + 'calendar.html');\ncy.get('img[src*=\"bagniuk\"]').should('be.visible');\ncy.get('#username').type(data.name);\ncy.get('#birthyear').type(data.year);\ncy.get('#submitCal').click();\ncy.url().should('contain', data.name).and('contain', data.year);\ncy.get('#rezultat').should('be.visible');\ncy.screenshot('The page with results of the test');",
              "err": {},
              "uuid": "77c021e9-4cc5-405b-8820-fa00561429b4",
              "parentUUID": "eeb9b283-c9fe-452c-87b9-dff17728dc10",
              "isHook": false,
              "skipped": false
            }
          ],
          "suites": [],
          "passes": [
            "77c021e9-4cc5-405b-8820-fa00561429b4"
          ],
          "failures": [],
          "pending": [],
          "skipped": [],
          "duration": 3866,
          "root": false,
          "rootEmpty": false,
          "_timeout": 2000
        }
      ],
      "passes": [],
      "failures": [],
      "pending": [],
      "skipped": [],
      "duration": 0,
      "root": true,
      "rootEmpty": true,
      "_timeout": 2000
    }
  ],
  "meta": {
    "mocha": {
      "version": "7.0.1"
    },
    "mochawesome": {
      "options": {
        "quiet": false,
        "reportFilename": "mochawesome",
        "saveHtml": false,
        "saveJson": true,
        "consoleReporter": "spec",
        "useInlineDiffs": false,
        "code": true
      },
      "version": "7.1.3"
    },
    "marge": {
      "options": {
        "id": "default",
        "reportDir": "cypress/results/mochawesome",
        "quite": true,
        "overwrite": false,
        "html": false,
        "json": true
      },
      "version": "6.2.0"
    }
  }
}