<?xml version="1.0"?>
<testsuites>
<testsuite name="Root Suite" timestamp="2023-01-03T10:41:20" tests="0" file="cypress\e2e\mix\aliases.js" time="0.000" failures="0"></testsuite>
<testsuite name="Practicing aliases" timestamp="2023-01-03T10:41:20" tests="2" time="42.889" failures="0">
  
  <testcase name="Practicing aliases Click on the Tennis link" time="12.692" classname="Click on the Tennis link"></testcase>
  
  <testcase name="Practicing aliases Search input actions" time="25.814" classname="Search input actions"></testcase>
  
</testsuite>

<testsuite name="Root Suite" timestamp="2023-01-03T10:43:12" tests="0" file="cypress\e2e\mix\each-and-wrap.js" time="0.000" failures="0"></testsuite>
<testsuite name="Iterate over the list items on eurobolat" timestamp="2023-01-03T10:43:12" tests="2" time="6.706" failures="0">
  
  <testcase name="Iterate over the list items on eurobolat Log all names" time="2.822" classname="Log all names"></testcase>
  
  <testcase name="Iterate over the list items on eurobolat Go to the History page" time="1.575" classname="Go to the History page"></testcase>
  
</testsuite>
<testsuite name="Iterate over the list items on Vention" timestamp="2023-01-03T10:43:19" tests="2" time="12.729" failures="0">
  
  <testcase name="Iterate over the list items on Vention Log all names" time="9.201" classname="Log all names"></testcase>
  
</testsuite>

<testsuite name="Root Suite" timestamp="2023-01-03T10:42:59" tests="0" file="cypress\e2e\mix\creatures-form.js" time="0.000" failures="0"></testsuite>
<testsuite name="Fill the form on eurobolat website" timestamp="2023-01-03T10:42:59" tests="1" time="8.024" failures="0">
  
  <testcase name="Fill the form on eurobolat website Should fill the form with user data" time="4.140" classname="Should fill the form with user data"></testcase>
  
</testsuite>

<testsuite name="Root Suite" timestamp="2023-01-03T10:43:39" tests="0" file="cypress\e2e\mix\hooks.js" time="0.000" failures="0"></testsuite>
<testsuite name="Hooks" timestamp="2023-01-03T10:43:39" tests="2" time="0.549" failures="0">
  
  <testcase name="Hooks Example Test 1" time="0.503" classname="Example Test 1"></testcase>
  
  <testcase name="Hooks Example Test 2" time="0.036" classname="Example Test 2"></testcase>
  
</testsuite>

<testsuite name="Root Suite" timestamp="2023-01-03T10:43:43" tests="0" file="cypress\e2e\mix\same-origin-policy.js" time="0.000" failures="0"></testsuite>
<testsuite name="Cypress web security" timestamp="2023-01-03T10:43:43" tests="3" time="12.036" failures="0">
  
  <testcase name="Cypress web security Validate visiting 2 different domains via user actions" time="5.016" classname="Validate visiting 2 different domains via user actions"></testcase>
  
  <testcase name="Cypress web security Origin command" time="6.923" classname="Origin command"></testcase>
  
</testsuite>

<testsuite name="Root Suite" timestamp="2023-01-03T10:44:13" tests="0" file="cypress\e2e\mix\traversing-bolat.js" time="0.000" failures="0"></testsuite>
<testsuite name="Some commands that let us do traversing" timestamp="2023-01-03T10:44:13" tests="3" time="10.538" failures="0">
  
  <testcase name="Some commands that let us do traversing Accessing elements in nav-menu" time="3.126" classname="Accessing elements in nav-menu"></testcase>
  
  <testcase name="Some commands that let us do traversing Find a quote" time="2.166" classname="Find a quote"></testcase>
  
  <testcase name="Some commands that let us do traversing Find an email" time="1.572" classname="Find an email"></testcase>
  
</testsuite>

<testsuite name="Root Suite" timestamp="2023-01-03T10:44:01" tests="0" file="cypress\e2e\mix\search-on-gramota.js" time="0.000" failures="0"></testsuite>
<testsuite name="Make a search request using the custom command" timestamp="2023-01-03T10:44:01" tests="1" time="6.361" failures="0">
  
  <testcase name="Make a search request using the custom command Make and verify a search request" time="3.869" classname="Make and verify a search request"></testcase>
  
</testsuite>

<testsuite name="Root Suite" timestamp="2023-01-03T10:42:14" tests="0" file="cypress\e2e\mix\cardinal-cookies.js" time="0.000" failures="0"></testsuite>
<testsuite name="Verify Cookie Banner on CardinalPath" timestamp="2023-01-03T10:42:14" tests="1" time="35.824" failures="0">
  
  <testcase name="Verify Cookie Banner on CardinalPath The cookie should be set when the banner is closed" time="26.031" classname="The cookie should be set when the banner is closed"></testcase>
  
</testsuite>

</testsuites>