<?xml version="1.0" encoding="UTF-8"?>
<testsuites name="Mocha Tests" time="10.570" tests="3" failures="0">
  <testsuite name="Root Suite" timestamp="2023-01-03T10:44:13" tests="0" file="cypress\e2e\mix\traversing-bolat.js" time="0.000" failures="0">
  </testsuite>
  <testsuite name="Some commands that let us do traversing" timestamp="2023-01-03T10:44:13" tests="3" time="10.538" failures="0">
    <testcase name="Some commands that let us do traversing Accessing elements in nav-menu" time="3.126" classname="Accessing elements in nav-menu">
    </testcase>
    <testcase name="Some commands that let us do traversing Find a quote" time="2.166" classname="Find a quote">
    </testcase>
    <testcase name="Some commands that let us do traversing Find an email" time="1.572" classname="Find an email">
    </testcase>
  </testsuite>
</testsuites>