<?xml version="1.0" encoding="UTF-8"?>
<testsuites name="Mocha Tests" time="0.582" tests="2" failures="0">
  <testsuite name="Root Suite" timestamp="2023-01-03T10:43:39" tests="0" file="cypress\e2e\mix\hooks.js" time="0.000" failures="0">
  </testsuite>
  <testsuite name="Hooks" timestamp="2023-01-03T10:43:39" tests="2" time="0.549" failures="0">
    <testcase name="Hooks Example Test 1" time="0.503" classname="Example Test 1">
    </testcase>
    <testcase name="Hooks Example Test 2" time="0.036" classname="Example Test 2">
    </testcase>
  </testsuite>
</testsuites>