<?xml version="1.0" encoding="UTF-8"?>
<testsuites name="Mocha Tests" time="42.914" tests="2" failures="0">
  <testsuite name="Root Suite" timestamp="2023-01-03T10:41:20" tests="0" file="cypress\e2e\mix\aliases.js" time="0.000" failures="0">
  </testsuite>
  <testsuite name="Practicing aliases" timestamp="2023-01-03T10:41:20" tests="2" time="42.889" failures="0">
    <testcase name="Practicing aliases Click on the Tennis link" time="12.692" classname="Click on the Tennis link">
    </testcase>
    <testcase name="Practicing aliases Search input actions" time="25.814" classname="Search input actions">
    </testcase>
  </testsuite>
</testsuites>